2024-09-04 16:56:52,020 - main - INFO - Starting up the application
2024-09-04 16:56:52,020 - main - INFO - load_data took 0.0000 seconds
2024-09-04 16:56:52,036 - main - INFO - train_model took 0.0158 seconds
2024-09-04 16:57:24,511 - main - INFO - Received request to train model
2024-09-04 16:57:24,520 - main - INFO - load_data took 0.0043 seconds
2024-09-04 16:57:24,563 - main - INFO - train_model took 0.0472 seconds
2024-09-04 16:57:24,590 - main - INFO - New champion model deployed. Accuracy: 0.9259259259259259, Time taken: 0.0785 seconds
2024-09-04 16:57:26,830 - main - INFO - Received request to train model
2024-09-04 16:57:26,830 - main - INFO - load_data took 0.0000 seconds
2024-09-04 16:57:26,889 - main - INFO - train_model took 0.0593 seconds
2024-09-04 16:57:26,910 - main - INFO - New champion model deployed. Accuracy: 0.9481481481481482, Time taken: 0.0804 seconds
2024-09-04 16:57:27,901 - main - INFO - Received request to train model
2024-09-04 16:57:27,901 - main - INFO - load_data took 0.0000 seconds
2024-09-04 16:57:27,945 - main - INFO - train_model took 0.0440 seconds
2024-09-04 16:57:27,971 - main - INFO - New champion model deployed. Accuracy: 0.9703703703703703, Time taken: 0.0700 seconds
2024-09-04 16:57:28,913 - main - INFO - Received request to train model
2024-09-04 16:57:28,913 - main - INFO - load_data took 0.0000 seconds
2024-09-04 16:57:28,935 - main - INFO - train_model took 0.0222 seconds
2024-09-04 16:57:28,945 - main - INFO - Current model remains champion. Accuracy: 0.9703703703703703, Time taken: 0.0321 seconds
2024-09-04 16:57:29,974 - main - INFO - Received request to train model
2024-09-04 16:57:29,980 - main - INFO - load_data took 0.0000 seconds
2024-09-04 16:57:30,022 - main - INFO - train_model took 0.0420 seconds
2024-09-04 16:57:30,028 - main - INFO - Current model remains champion. Accuracy: 0.9703703703703703, Time taken: 0.0531 seconds
2024-09-04 16:57:50,374 - main - INFO - Received prediction request with features: [0.0, 9.0, 9.0, 9.0]
2024-09-04 16:57:50,374 - main - INFO - predict took 0.0000 seconds
2024-09-04 16:57:50,374 - main - INFO - Prediction: 2
2024-09-04 16:58:00,366 - main - INFO - Received prediction request with features: [0.0, 0.0, 0.0, 0.0]
2024-09-04 16:58:00,366 - main - INFO - predict took 0.0000 seconds
2024-09-04 16:58:00,366 - main - INFO - Prediction: 0
2024-09-05 07:57:42,376 - main - INFO - load_data took 0.0124 seconds
2024-09-05 07:57:42,381 - main - INFO - load_data took 0.0000 seconds
2024-09-05 07:57:42,391 - main - INFO - load_data took 0.0000 seconds
2024-09-05 07:57:42,437 - main - INFO - train_model took 0.0461 seconds
2024-09-05 07:57:42,438 - main - INFO - load_data took 0.0000 seconds
2024-09-05 07:57:42,455 - main - INFO - train_model took 0.0171 seconds
2024-09-05 07:57:42,455 - main - INFO - predict took 0.0000 seconds
2024-09-05 07:57:42,472 - main - INFO - load_data took 0.0000 seconds
2024-09-05 07:57:42,498 - main - INFO - train_model took 0.0268 seconds
2024-09-05 07:57:42,985 - main - INFO - load_data took 0.0000 seconds
2024-09-05 07:57:43,001 - main - INFO - train_model took 0.0165 seconds
2024-09-05 07:59:42,693 - main - INFO - load_data took 0.0037 seconds
2024-09-05 07:59:42,700 - main - INFO - load_data took 0.0067 seconds
2024-09-05 07:59:42,708 - main - INFO - load_data took 0.0024 seconds
2024-09-05 07:59:42,734 - main - INFO - train_model took 0.0278 seconds
2024-09-05 07:59:42,741 - main - INFO - load_data took 0.0074 seconds
2024-09-05 07:59:42,748 - main - INFO - train_model took 0.0147 seconds
2024-09-05 07:59:42,756 - main - INFO - predict took 0.0014 seconds
2024-09-05 07:59:42,756 - main - INFO - load_data took 0.0000 seconds
2024-09-05 07:59:42,775 - main - INFO - train_model took 0.0187 seconds
2024-09-05 07:59:43,220 - main - INFO - load_data took 0.0000 seconds
2024-09-05 07:59:43,236 - main - INFO - train_model took 0.0156 seconds
2024-09-05 08:00:24,813 - main - INFO - load_data took 0.0031 seconds
2024-09-05 08:00:24,816 - main - INFO - load_data took 0.0000 seconds
2024-09-05 08:00:24,853 - main - INFO - load_data took 0.0265 seconds
2024-09-05 08:00:24,901 - main - INFO - train_model took 0.0746 seconds
2024-09-05 08:00:24,917 - main - INFO - load_data took 0.0157 seconds
2024-09-05 08:00:24,934 - main - INFO - train_model took 0.0328 seconds
2024-09-05 08:00:24,940 - main - INFO - predict took 0.0000 seconds
2024-09-05 08:00:24,948 - main - INFO - load_data took 0.0034 seconds
2024-09-05 08:00:24,961 - main - INFO - train_model took 0.0163 seconds
2024-09-05 08:00:25,433 - main - INFO - load_data took 0.0000 seconds
2024-09-05 08:00:25,450 - main - INFO - train_model took 0.0160 seconds
2024-09-05 08:02:13,944 - main - INFO - load_data took 0.0205 seconds
2024-09-05 08:02:13,951 - main - INFO - load_data took 0.0000 seconds
2024-09-05 08:02:13,960 - main - INFO - load_data took 0.0000 seconds
2024-09-05 08:02:13,988 - main - INFO - train_model took 0.0278 seconds
2024-09-05 08:02:13,992 - main - INFO - load_data took 0.0000 seconds
2024-09-05 08:02:14,003 - main - INFO - train_model took 0.0111 seconds
2024-09-05 08:02:14,003 - main - INFO - predict took 0.0000 seconds
2024-09-05 08:02:14,015 - main - INFO - load_data took 0.0000 seconds
2024-09-05 08:02:14,036 - main - INFO - train_model took 0.0211 seconds
2024-09-05 08:02:14,069 - main - INFO - predict took 0.0000 seconds
2024-09-05 08:02:14,069 - main - INFO - predict took 0.0000 seconds
2024-09-05 08:02:14,085 - main - INFO - load_data took 0.0000 seconds
2024-09-05 08:02:14,100 - main - INFO - train_model took 0.0145 seconds
2024-09-05 08:02:45,728 - main - INFO - load_data took 0.0040 seconds
2024-09-05 08:02:45,732 - main - INFO - load_data took 0.0000 seconds
2024-09-05 08:02:45,739 - main - INFO - load_data took 0.0000 seconds
2024-09-05 08:02:45,763 - main - INFO - train_model took 0.0241 seconds
2024-09-05 08:02:45,766 - main - INFO - load_data took 0.0000 seconds
2024-09-05 08:02:45,783 - main - INFO - train_model took 0.0177 seconds
2024-09-05 08:02:45,783 - main - INFO - predict took 0.0000 seconds
2024-09-05 08:02:45,799 - main - INFO - load_data took 0.0026 seconds
2024-09-05 08:02:45,813 - main - INFO - train_model took 0.0169 seconds
2024-09-05 08:02:45,838 - main - INFO - predict took 0.0000 seconds
2024-09-05 08:02:45,838 - main - INFO - predict took 0.0000 seconds
2024-09-05 08:02:45,859 - main - INFO - load_data took 0.0037 seconds
2024-09-05 08:02:45,867 - main - INFO - train_model took 0.0122 seconds
