2024-09-04 16:56:52,020 - model - INFO - No existing model found. Training a new model.
2024-09-04 16:56:52,020 - model - INFO - Loading iris dataset
2024-09-04 16:56:52,052 - model - INFO - Model (version 1) saved to models\model_v1.joblib
2024-09-04 16:57:24,514 - model - INFO - Starting challenger process
2024-09-04 16:57:24,516 - model - INFO - Loading iris dataset
2024-09-04 16:57:24,563 - model - INFO - New model outperforms current model. New accuracy: 0.9259259259259259, Old accuracy: 0.8888888888888888
2024-09-04 16:57:24,588 - model - INFO - Model (version 2) saved to models\model_v2.joblib
2024-09-04 16:57:26,830 - model - INFO - Starting challenger process
2024-09-04 16:57:26,830 - model - INFO - Loading iris dataset
2024-09-04 16:57:26,889 - model - INFO - New model outperforms current model. New accuracy: 0.9481481481481482, Old accuracy: 0.9259259259259259
2024-09-04 16:57:26,910 - model - INFO - Model (version 3) saved to models\model_v3.joblib
2024-09-04 16:57:27,901 - model - INFO - Starting challenger process
2024-09-04 16:57:27,901 - model - INFO - Loading iris dataset
2024-09-04 16:57:27,947 - model - INFO - New model outperforms current model. New accuracy: 0.9703703703703703, Old accuracy: 0.9481481481481482
2024-09-04 16:57:27,960 - model - INFO - Model (version 4) saved to models\model_v4.joblib
2024-09-04 16:57:28,913 - model - INFO - Starting challenger process
2024-09-04 16:57:28,913 - model - INFO - Loading iris dataset
2024-09-04 16:57:28,935 - model - INFO - Current model remains champion. New accuracy: 0.8222222222222222, Current accuracy: 0.9703703703703703
2024-09-04 16:57:29,979 - model - INFO - Starting challenger process
2024-09-04 16:57:29,980 - model - INFO - Loading iris dataset
2024-09-04 16:57:30,025 - model - INFO - Current model remains champion. New accuracy: 0.8666666666666667, Current accuracy: 0.9703703703703703
2024-09-04 16:57:50,374 - model - INFO - Prediction made. Input: [0.0, 9.0, 9.0, 9.0], Prediction: 2
2024-09-04 16:58:00,366 - model - INFO - Prediction made. Input: [0.0, 0.0, 0.0, 0.0], Prediction: 0
2024-09-05 07:57:42,363 - model - INFO - Loading iris dataset
2024-09-05 07:57:42,381 - model - INFO - Loading iris dataset
2024-09-05 07:57:42,391 - model - INFO - Loading iris dataset
2024-09-05 07:57:42,438 - model - INFO - Loading iris dataset
2024-09-05 07:57:42,455 - model - INFO - Prediction made. Input: [5.1, 3.5, 1.4, 0.2], Prediction: 0
2024-09-05 07:57:42,472 - model - INFO - Loading iris dataset
2024-09-05 07:57:42,505 - model - INFO - Model (version 1) saved to models\model_v1.joblib
2024-09-05 07:57:42,985 - model - INFO - Starting challenger process
2024-09-05 07:57:42,985 - model - INFO - No existing model found. Training a new model.
2024-09-05 07:57:42,985 - model - INFO - Loading iris dataset
2024-09-05 07:57:43,001 - model - INFO - Starting challenger process
2024-09-05 07:57:43,001 - model - INFO - New model outperforms current model. New accuracy: 0.6, Old accuracy: 0.5
2024-09-05 07:57:43,001 - model - INFO - Starting challenger process
2024-09-05 07:57:43,001 - model - INFO - Current model remains champion. New accuracy: 0.4, Current accuracy: 0.5
2024-09-05 07:59:42,689 - model - INFO - Loading iris dataset
2024-09-05 07:59:42,693 - model - INFO - Loading iris dataset
2024-09-05 07:59:42,706 - model - INFO - Loading iris dataset
2024-09-05 07:59:42,734 - model - INFO - Loading iris dataset
2024-09-05 07:59:42,755 - model - INFO - Prediction made. Input: [5.1, 3.5, 1.4, 0.2], Prediction: 0
2024-09-05 07:59:42,756 - model - INFO - Loading iris dataset
2024-09-05 07:59:43,220 - model - INFO - Starting challenger process
2024-09-05 07:59:43,220 - model - INFO - No existing model found. Training a new model.
2024-09-05 07:59:43,220 - model - INFO - Loading iris dataset
2024-09-05 07:59:43,236 - model - INFO - Starting challenger process
2024-09-05 07:59:43,236 - model - INFO - New model outperforms current model. New accuracy: 0.6, Old accuracy: 0.5
2024-09-05 07:59:43,236 - model - INFO - Starting challenger process
2024-09-05 07:59:43,236 - model - INFO - Current model remains champion. New accuracy: 0.4, Current accuracy: 0.5
2024-09-05 08:00:24,810 - model - INFO - Loading iris dataset
2024-09-05 08:00:24,816 - model - INFO - Loading iris dataset
2024-09-05 08:00:24,826 - model - INFO - Loading iris dataset
2024-09-05 08:00:24,901 - model - INFO - Loading iris dataset
2024-09-05 08:00:24,940 - model - INFO - Prediction made. Input: [5.1, 3.5, 1.4, 0.2], Prediction: 0
2024-09-05 08:00:24,945 - model - INFO - Loading iris dataset
2024-09-05 08:00:24,969 - model - INFO - Model (version 1) saved to models\model_v1.joblib
2024-09-05 08:00:25,433 - model - INFO - Starting challenger process
2024-09-05 08:00:25,433 - model - INFO - No existing model found. Training a new model.
2024-09-05 08:00:25,433 - model - INFO - Loading iris dataset
2024-09-05 08:00:25,450 - model - INFO - Starting challenger process
2024-09-05 08:00:25,450 - model - INFO - New model outperforms current model. New accuracy: 0.6, Old accuracy: 0.5
2024-09-05 08:00:25,450 - model - INFO - Starting challenger process
2024-09-05 08:00:25,450 - model - INFO - Current model remains champion. New accuracy: 0.4, Current accuracy: 0.5
2024-09-05 08:02:13,923 - model - INFO - Loading iris dataset
2024-09-05 08:02:13,951 - model - INFO - Loading iris dataset
2024-09-05 08:02:13,960 - model - INFO - Loading iris dataset
2024-09-05 08:02:13,992 - model - INFO - Loading iris dataset
2024-09-05 08:02:14,003 - model - INFO - Prediction made. Input: [5.1, 3.5, 1.4, 0.2], Prediction: 0
2024-09-05 08:02:14,015 - model - INFO - Loading iris dataset
2024-09-05 08:02:14,060 - model - INFO - Model (version 0) saved to models\model_v0.joblib
2024-09-05 08:02:14,069 - model - INFO - Prediction made. Input: [5.1, 3.5, 1.4, 0.2], Prediction: 0
2024-09-05 08:02:14,069 - model - INFO - Prediction made. Input: [5.1, 3.5, 1.4, 0.2], Prediction: 0
2024-09-05 08:02:14,085 - model - INFO - Starting challenger process
2024-09-05 08:02:14,085 - model - INFO - No existing model found. Training a new model.
2024-09-05 08:02:14,085 - model - INFO - Loading iris dataset
2024-09-05 08:02:14,101 - model - INFO - Starting challenger process
2024-09-05 08:02:14,102 - model - INFO - New model outperforms current model. New accuracy: 0.6, Old accuracy: 0.5
2024-09-05 08:02:14,102 - model - INFO - Starting challenger process
2024-09-05 08:02:14,103 - model - INFO - Current model remains champion. New accuracy: 0.4, Current accuracy: 0.5
2024-09-05 08:02:45,724 - model - INFO - Loading iris dataset
2024-09-05 08:02:45,732 - model - INFO - Loading iris dataset
2024-09-05 08:02:45,739 - model - INFO - Loading iris dataset
2024-09-05 08:02:45,766 - model - INFO - Loading iris dataset
2024-09-05 08:02:45,783 - model - INFO - Prediction made. Input: [5.1, 3.5, 1.4, 0.2], Prediction: 0
2024-09-05 08:02:45,796 - model - INFO - Loading iris dataset
2024-09-05 08:02:45,830 - model - INFO - Model (version 0) saved to models\model_v0.joblib
2024-09-05 08:02:45,838 - model - INFO - Prediction made. Input: [5.1, 3.5, 1.4, 0.2], Prediction: 0
2024-09-05 08:02:45,838 - model - INFO - Prediction made. Input: [5.1, 3.5, 1.4, 0.2], Prediction: 0
2024-09-05 08:02:45,855 - model - INFO - Starting challenger process
2024-09-05 08:02:45,855 - model - INFO - No existing model found. Training a new model.
2024-09-05 08:02:45,855 - model - INFO - Loading iris dataset
2024-09-05 08:02:45,867 - model - INFO - Starting challenger process
2024-09-05 08:02:45,881 - model - INFO - New model outperforms current model. New accuracy: 0.6, Old accuracy: 0.5
2024-09-05 08:02:45,881 - model - INFO - Starting challenger process
2024-09-05 08:02:45,881 - model - INFO - Current model remains champion. New accuracy: 0.4, Current accuracy: 0.5
2024-09-05 08:06:43,791 - model - INFO - Loading iris dataset
2024-09-05 08:06:43,797 - model - INFO - Loading iris dataset
2024-09-05 08:06:43,804 - model - INFO - Loading iris dataset
2024-09-05 08:06:43,829 - model - INFO - Loading iris dataset
2024-09-05 08:06:43,844 - model - INFO - Prediction made. Input: [5.1, 3.5, 1.4, 0.2], Prediction: 0
